[debug] [2021-02-25T17:16:41.036Z] ----------------------------------------------------------------------
[debug] [2021-02-25T17:16:41.040Z] Command:       C:\Program Files\nodejs\node.exe C:\Users\Dolovac\AppData\Roaming\npm\node_modules\firebase-tools\lib\bin\firebase.js init
[debug] [2021-02-25T17:16:41.040Z] CLI Version:   9.2.2
[debug] [2021-02-25T17:16:41.041Z] Platform:      win32
[debug] [2021-02-25T17:16:41.041Z] Node Version:  v10.15.3
[debug] [2021-02-25T17:16:41.043Z] Time:          Thu Feb 25 2021 18:16:41 GMT+0100 (Central European Standard Time)
[debug] [2021-02-25T17:16:41.043Z] ----------------------------------------------------------------------
[debug] [2021-02-25T17:16:41.043Z] 
[debug] [2021-02-25T17:16:41.056Z] > command requires scopes: ["email","openid","https://www.googleapis.com/auth/cloudplatformprojects.readonly","https://www.googleapis.com/auth/firebase","https://www.googleapis.com/auth/cloud-platform"]
[debug] [2021-02-25T17:16:41.057Z] > authorizing via signed-in user
[info] 
     ######## #### ########  ######## ########     ###     ######  ########
     ##        ##  ##     ## ##       ##     ##  ##   ##  ##       ##
     ######    ##  ########  ######   ########  #########  ######  ######
     ##        ##  ##    ##  ##       ##     ## ##     ##       ## ##
     ##       #### ##     ## ######## ########  ##     ##  ######  ########

You're about to initialize a Firebase project in this directory:

  D:\Haris\quiz30

Before we get started, keep in mind:

  * You are initializing in an existing Firebase project directory

[info] 
=== Project Setup
[info] 
[info] First, let's associate this project directory with a Firebase project.
[info] You can create multiple project aliases by running firebase use --add, 
[info] but for now we'll just set up a default project.
[info] 
[info] i  .firebaserc already has a default project, using quiz30-c0369. 
[debug] [2021-02-25T17:16:51.247Z] > refreshing access token with scopes: []
[debug] [2021-02-25T17:16:51.248Z] >>> HTTP REQUEST POST https://www.googleapis.com/oauth2/v3/token  
 <request body omitted>
[debug] [2021-02-25T17:16:52.075Z] <<< HTTP RESPONSE 200 {"pragma":"no-cache","expires":"Mon, 01 Jan 1990 00:00:00 GMT","cache-control":"no-cache, no-store, max-age=0, must-revalidate","date":"Thu, 25 Feb 2021 17:16:53 GMT","content-type":"application/json; charset=utf-8","vary":"X-Origin, Referer, Origin,Accept-Encoding","server":"scaffolding on HTTPServer2","x-xss-protection":"0","x-frame-options":"SAMEORIGIN","x-content-type-options":"nosniff","alt-svc":"h3-29=\":443\"; ma=2592000,h3-T051=\":443\"; ma=2592000,h3-Q050=\":443\"; ma=2592000,h3-Q046=\":443\"; ma=2592000,h3-Q043=\":443\"; ma=2592000,quic=\":443\"; ma=2592000; v=\"46,43\"","accept-ranges":"none","transfer-encoding":"chunked"}
[debug] [2021-02-25T17:16:52.090Z] >>> [apiv2][query] GET https://firebase.googleapis.com/v1beta1/projects/quiz30-c0369 [none]
[debug] [2021-02-25T17:16:52.894Z] <<< [apiv2][status] GET https://firebase.googleapis.com/v1beta1/projects/quiz30-c0369 200
[debug] [2021-02-25T17:16:52.894Z] <<< [apiv2][body] GET https://firebase.googleapis.com/v1beta1/projects/quiz30-c0369 {"projectId":"quiz30-c0369","projectNumber":"489934381416","displayName":"quiz30","name":"projects/quiz30-c0369","resources":{"hostingSite":"quiz30-c0369"},"state":"ACTIVE"}
[info] 
=== Hosting Setup
[info] 
[info] Your public directory is the folder (relative to your project directory) that
[info] will contain Hosting assets to be uploaded with firebase deploy. If you
[info] have a build process for your assets, use your build's output directory.
[info] 
